2025-09-09 11:51:03.482 +00:00 [INFO]: 🚀 Blaze Intelligence starting up | {"nodeEnv":"development","nodeVersion":"v18.20.8","port":5000,"pid":7366}
2025-09-09 11:51:33.477 +00:00 [ERROR]: unhandledRejection: this.collectSystemMetrics is not a function
TypeError: this.collectSystemMetrics is not a function
    at Timeout._onTimeout (file:///home/runner/workspace/src/backend/monitoring-dashboard.js:39:18)
    at listOnTimeout (node:internal/timers:569:17)
    at process.processTimers (node:internal/timers:512:7) | {"error":{},"stack":"TypeError: this.collectSystemMetrics is not a function\n    at Timeout._onTimeout (file:///home/runner/workspace/src/backend/monitoring-dashboard.js:39:18)\n    at listOnTimeout (node:internal/timers:569:17)\n    at process.processTimers (node:internal/timers:512:7)","rejection":true,"date":"Tue Sep 09 2025 11:51:33 GMT+0000 (Coordinated Universal Time)","process":{"pid":7366,"uid":1000,"gid":1000,"cwd":"/home/runner/workspace","execPath":"/nix/store/ys5qb8fr8gq3ifk2knndn5lgm5lvhabb-nodejs-18.20.8/bin/node","version":"v18.20.8","argv":["/nix/store/ys5qb8fr8gq3ifk2knndn5lgm5lvhabb-nodejs-18.20.8/bin/node","/home/runner/workspace/server.js"],"memoryUsage":{"rss":110477312,"heapTotal":29945856,"heapUsed":25298552,"external":3805207,"arrayBuffers":621732}},"os":{"loadavg":[7.73,11.23,11.33],"uptime":85775.25},"trace":[{"column":18,"file":"file:///home/runner/workspace/src/backend/monitoring-dashboard.js","function":"Timeout._onTimeout","line":39,"method":"_onTimeout","native":false},{"column":17,"file":"node:internal/timers","function":"listOnTimeout","line":569,"method":null,"native":false},{"column":7,"file":"node:internal/timers","function":"process.processTimers","line":512,"method":"processTimers","native":false}]}
2025-09-09 11:52:03.463 +00:00 [ERROR]: unhandledRejection: this.collectSystemMetrics is not a function
TypeError: this.collectSystemMetrics is not a function
    at Timeout._onTimeout (file:///home/runner/workspace/src/backend/monitoring-dashboard.js:39:18)
    at listOnTimeout (node:internal/timers:569:17)
    at process.processTimers (node:internal/timers:512:7) | {"error":{},"stack":"TypeError: this.collectSystemMetrics is not a function\n    at Timeout._onTimeout (file:///home/runner/workspace/src/backend/monitoring-dashboard.js:39:18)\n    at listOnTimeout (node:internal/timers:569:17)\n    at process.processTimers (node:internal/timers:512:7)","rejection":true,"date":"Tue Sep 09 2025 11:52:03 GMT+0000 (Coordinated Universal Time)","process":{"pid":7366,"uid":1000,"gid":1000,"cwd":"/home/runner/workspace","execPath":"/nix/store/ys5qb8fr8gq3ifk2knndn5lgm5lvhabb-nodejs-18.20.8/bin/node","version":"v18.20.8","argv":["/nix/store/ys5qb8fr8gq3ifk2knndn5lgm5lvhabb-nodejs-18.20.8/bin/node","/home/runner/workspace/server.js"],"memoryUsage":{"rss":112791552,"heapTotal":30470144,"heapUsed":26700256,"external":3737475,"arrayBuffers":553960}},"os":{"loadavg":[6.77,10.65,11.13],"uptime":85805.25},"trace":[{"column":18,"file":"file:///home/runner/workspace/src/backend/monitoring-dashboard.js","function":"Timeout._onTimeout","line":39,"method":"_onTimeout","native":false},{"column":17,"file":"node:internal/timers","function":"listOnTimeout","line":569,"method":null,"native":false},{"column":7,"file":"node:internal/timers","function":"process.processTimers","line":512,"method":"processTimers","native":false}]}
2025-09-09 11:52:33.462 +00:00 [ERROR]: unhandledRejection: this.collectSystemMetrics is not a function
TypeError: this.collectSystemMetrics is not a function
    at Timeout._onTimeout (file:///home/runner/workspace/src/backend/monitoring-dashboard.js:39:18)
    at listOnTimeout (node:internal/timers:569:17)
    at process.processTimers (node:internal/timers:512:7) | {"error":{},"stack":"TypeError: this.collectSystemMetrics is not a function\n    at Timeout._onTimeout (file:///home/runner/workspace/src/backend/monitoring-dashboard.js:39:18)\n    at listOnTimeout (node:internal/timers:569:17)\n    at process.processTimers (node:internal/timers:512:7)","rejection":true,"date":"Tue Sep 09 2025 11:52:33 GMT+0000 (Coordinated Universal Time)","process":{"pid":7366,"uid":1000,"gid":1000,"cwd":"/home/runner/workspace","execPath":"/nix/store/ys5qb8fr8gq3ifk2knndn5lgm5lvhabb-nodejs-18.20.8/bin/node","version":"v18.20.8","argv":["/nix/store/ys5qb8fr8gq3ifk2knndn5lgm5lvhabb-nodejs-18.20.8/bin/node","/home/runner/workspace/server.js"],"memoryUsage":{"rss":112312320,"heapTotal":30470144,"heapUsed":25060800,"external":3608591,"arrayBuffers":425076}},"os":{"loadavg":[6.54,10.22,10.97],"uptime":85835.25},"trace":[{"column":18,"file":"file:///home/runner/workspace/src/backend/monitoring-dashboard.js","function":"Timeout._onTimeout","line":39,"method":"_onTimeout","native":false},{"column":17,"file":"node:internal/timers","function":"listOnTimeout","line":569,"method":null,"native":false},{"column":7,"file":"node:internal/timers","function":"process.processTimers","line":512,"method":"processTimers","native":false}]}
2025-09-09 11:53:03.461 +00:00 [ERROR]: unhandledRejection: this.collectSystemMetrics is not a function
TypeError: this.collectSystemMetrics is not a function
    at Timeout._onTimeout (file:///home/runner/workspace/src/backend/monitoring-dashboard.js:39:18)
    at listOnTimeout (node:internal/timers:569:17)
    at process.processTimers (node:internal/timers:512:7) | {"error":{},"stack":"TypeError: this.collectSystemMetrics is not a function\n    at Timeout._onTimeout (file:///home/runner/workspace/src/backend/monitoring-dashboard.js:39:18)\n    at listOnTimeout (node:internal/timers:569:17)\n    at process.processTimers (node:internal/timers:512:7)","rejection":true,"date":"Tue Sep 09 2025 11:53:03 GMT+0000 (Coordinated Universal Time)","process":{"pid":7366,"uid":1000,"gid":1000,"cwd":"/home/runner/workspace","execPath":"/nix/store/ys5qb8fr8gq3ifk2knndn5lgm5lvhabb-nodejs-18.20.8/bin/node","version":"v18.20.8","argv":["/nix/store/ys5qb8fr8gq3ifk2knndn5lgm5lvhabb-nodejs-18.20.8/bin/node","/home/runner/workspace/server.js"],"memoryUsage":{"rss":113549312,"heapTotal":30470144,"heapUsed":25658608,"external":4040641,"arrayBuffers":857126}},"os":{"loadavg":[9.36,10.53,11.05],"uptime":85865.25},"trace":[{"column":18,"file":"file:///home/runner/workspace/src/backend/monitoring-dashboard.js","function":"Timeout._onTimeout","line":39,"method":"_onTimeout","native":false},{"column":17,"file":"node:internal/timers","function":"listOnTimeout","line":569,"method":null,"native":false},{"column":7,"file":"node:internal/timers","function":"process.processTimers","line":512,"method":"processTimers","native":false}]}
2025-09-09 11:53:33.460 +00:00 [ERROR]: unhandledRejection: this.collectSystemMetrics is not a function
TypeError: this.collectSystemMetrics is not a function
    at Timeout._onTimeout (file:///home/runner/workspace/src/backend/monitoring-dashboard.js:39:18)
    at listOnTimeout (node:internal/timers:569:17)
    at process.processTimers (node:internal/timers:512:7) | {"error":{},"stack":"TypeError: this.collectSystemMetrics is not a function\n    at Timeout._onTimeout (file:///home/runner/workspace/src/backend/monitoring-dashboard.js:39:18)\n    at listOnTimeout (node:internal/timers:569:17)\n    at process.processTimers (node:internal/timers:512:7)","rejection":true,"date":"Tue Sep 09 2025 11:53:33 GMT+0000 (Coordinated Universal Time)","process":{"pid":7366,"uid":1000,"gid":1000,"cwd":"/home/runner/workspace","execPath":"/nix/store/ys5qb8fr8gq3ifk2knndn5lgm5lvhabb-nodejs-18.20.8/bin/node","version":"v18.20.8","argv":["/nix/store/ys5qb8fr8gq3ifk2knndn5lgm5lvhabb-nodejs-18.20.8/bin/node","/home/runner/workspace/server.js"],"memoryUsage":{"rss":113364992,"heapTotal":30470144,"heapUsed":25711744,"external":3873788,"arrayBuffers":690273}},"os":{"loadavg":[9.5,10.43,11],"uptime":85895.25},"trace":[{"column":18,"file":"file:///home/runner/workspace/src/backend/monitoring-dashboard.js","function":"Timeout._onTimeout","line":39,"method":"_onTimeout","native":false},{"column":17,"file":"node:internal/timers","function":"listOnTimeout","line":569,"method":null,"native":false},{"column":7,"file":"node:internal/timers","function":"process.processTimers","line":512,"method":"processTimers","native":false}]}
2025-09-09 11:54:03.463 +00:00 [ERROR]: unhandledRejection: this.collectSystemMetrics is not a function
TypeError: this.collectSystemMetrics is not a function
    at Timeout._onTimeout (file:///home/runner/workspace/src/backend/monitoring-dashboard.js:39:18)
    at listOnTimeout (node:internal/timers:569:17)
    at process.processTimers (node:internal/timers:512:7) | {"error":{},"stack":"TypeError: this.collectSystemMetrics is not a function\n    at Timeout._onTimeout (file:///home/runner/workspace/src/backend/monitoring-dashboard.js:39:18)\n    at listOnTimeout (node:internal/timers:569:17)\n    at process.processTimers (node:internal/timers:512:7)","rejection":true,"date":"Tue Sep 09 2025 11:54:03 GMT+0000 (Coordinated Universal Time)","process":{"pid":7366,"uid":1000,"gid":1000,"cwd":"/home/runner/workspace","execPath":"/nix/store/ys5qb8fr8gq3ifk2knndn5lgm5lvhabb-nodejs-18.20.8/bin/node","version":"v18.20.8","argv":["/nix/store/ys5qb8fr8gq3ifk2knndn5lgm5lvhabb-nodejs-18.20.8/bin/node","/home/runner/workspace/server.js"],"memoryUsage":{"rss":114315264,"heapTotal":30732288,"heapUsed":25295200,"external":3761169,"arrayBuffers":577654}},"os":{"loadavg":[9.44,10.34,10.95],"uptime":85925.25},"trace":[{"column":18,"file":"file:///home/runner/workspace/src/backend/monitoring-dashboard.js","function":"Timeout._onTimeout","line":39,"method":"_onTimeout","native":false},{"column":17,"file":"node:internal/timers","function":"listOnTimeout","line":569,"method":null,"native":false},{"column":7,"file":"node:internal/timers","function":"process.processTimers","line":512,"method":"processTimers","native":false}]}
2025-09-09 11:54:33.462 +00:00 [ERROR]: unhandledRejection: this.collectSystemMetrics is not a function
TypeError: this.collectSystemMetrics is not a function
    at Timeout._onTimeout (file:///home/runner/workspace/src/backend/monitoring-dashboard.js:39:18)
    at listOnTimeout (node:internal/timers:569:17)
    at process.processTimers (node:internal/timers:512:7) | {"error":{},"stack":"TypeError: this.collectSystemMetrics is not a function\n    at Timeout._onTimeout (file:///home/runner/workspace/src/backend/monitoring-dashboard.js:39:18)\n    at listOnTimeout (node:internal/timers:569:17)\n    at process.processTimers (node:internal/timers:512:7)","rejection":true,"date":"Tue Sep 09 2025 11:54:33 GMT+0000 (Coordinated Universal Time)","process":{"pid":7366,"uid":1000,"gid":1000,"cwd":"/home/runner/workspace","execPath":"/nix/store/ys5qb8fr8gq3ifk2knndn5lgm5lvhabb-nodejs-18.20.8/bin/node","version":"v18.20.8","argv":["/nix/store/ys5qb8fr8gq3ifk2knndn5lgm5lvhabb-nodejs-18.20.8/bin/node","/home/runner/workspace/server.js"],"memoryUsage":{"rss":114348032,"heapTotal":30732288,"heapUsed":25198848,"external":3610708,"arrayBuffers":427193}},"os":{"loadavg":[7.81,9.85,10.77],"uptime":85955.25},"trace":[{"column":18,"file":"file:///home/runner/workspace/src/backend/monitoring-dashboard.js","function":"Timeout._onTimeout","line":39,"method":"_onTimeout","native":false},{"column":17,"file":"node:internal/timers","function":"listOnTimeout","line":569,"method":null,"native":false},{"column":7,"file":"node:internal/timers","function":"process.processTimers","line":512,"method":"processTimers","native":false}]}
2025-09-09 11:55:03.464 +00:00 [ERROR]: unhandledRejection: this.collectSystemMetrics is not a function
TypeError: this.collectSystemMetrics is not a function
    at Timeout._onTimeout (file:///home/runner/workspace/src/backend/monitoring-dashboard.js:39:18)
    at listOnTimeout (node:internal/timers:569:17)
    at process.processTimers (node:internal/timers:512:7) | {"error":{},"stack":"TypeError: this.collectSystemMetrics is not a function\n    at Timeout._onTimeout (file:///home/runner/workspace/src/backend/monitoring-dashboard.js:39:18)\n    at listOnTimeout (node:internal/timers:569:17)\n    at process.processTimers (node:internal/timers:512:7)","rejection":true,"date":"Tue Sep 09 2025 11:55:03 GMT+0000 (Coordinated Universal Time)","process":{"pid":7366,"uid":1000,"gid":1000,"cwd":"/home/runner/workspace","execPath":"/nix/store/ys5qb8fr8gq3ifk2knndn5lgm5lvhabb-nodejs-18.20.8/bin/node","version":"v18.20.8","argv":["/nix/store/ys5qb8fr8gq3ifk2knndn5lgm5lvhabb-nodejs-18.20.8/bin/node","/home/runner/workspace/server.js"],"memoryUsage":{"rss":114601984,"heapTotal":30732288,"heapUsed":25574360,"external":3911630,"arrayBuffers":728115}},"os":{"loadavg":[5.85,9.18,10.51],"uptime":85985.25},"trace":[{"column":18,"file":"file:///home/runner/workspace/src/backend/monitoring-dashboard.js","function":"Timeout._onTimeout","line":39,"method":"_onTimeout","native":false},{"column":17,"file":"node:internal/timers","function":"listOnTimeout","line":569,"method":null,"native":false},{"column":7,"file":"node:internal/timers","function":"process.processTimers","line":512,"method":"processTimers","native":false}]}
2025-09-09 11:55:33.462 +00:00 [ERROR]: unhandledRejection: this.collectSystemMetrics is not a function
TypeError: this.collectSystemMetrics is not a function
    at Timeout._onTimeout (file:///home/runner/workspace/src/backend/monitoring-dashboard.js:39:18)
    at listOnTimeout (node:internal/timers:569:17)
    at process.processTimers (node:internal/timers:512:7) | {"error":{},"stack":"TypeError: this.collectSystemMetrics is not a function\n    at Timeout._onTimeout (file:///home/runner/workspace/src/backend/monitoring-dashboard.js:39:18)\n    at listOnTimeout (node:internal/timers:569:17)\n    at process.processTimers (node:internal/timers:512:7)","rejection":true,"date":"Tue Sep 09 2025 11:55:33 GMT+0000 (Coordinated Universal Time)","process":{"pid":7366,"uid":1000,"gid":1000,"cwd":"/home/runner/workspace","execPath":"/nix/store/ys5qb8fr8gq3ifk2knndn5lgm5lvhabb-nodejs-18.20.8/bin/node","version":"v18.20.8","argv":["/nix/store/ys5qb8fr8gq3ifk2knndn5lgm5lvhabb-nodejs-18.20.8/bin/node","/home/runner/workspace/server.js"],"memoryUsage":{"rss":115499008,"heapTotal":31256576,"heapUsed":25004496,"external":3974281,"arrayBuffers":243964}},"os":{"loadavg":[7,9.13,10.45],"uptime":86015.25},"trace":[{"column":18,"file":"file:///home/runner/workspace/src/backend/monitoring-dashboard.js","function":"Timeout._onTimeout","line":39,"method":"_onTimeout","native":false},{"column":17,"file":"node:internal/timers","function":"listOnTimeout","line":569,"method":null,"native":false},{"column":7,"file":"node:internal/timers","function":"process.processTimers","line":512,"method":"processTimers","native":false}]}
2025-09-09 11:56:03.459 +00:00 [ERROR]: unhandledRejection: this.collectSystemMetrics is not a function
TypeError: this.collectSystemMetrics is not a function
    at Timeout._onTimeout (file:///home/runner/workspace/src/backend/monitoring-dashboard.js:39:18)
    at listOnTimeout (node:internal/timers:569:17)
    at process.processTimers (node:internal/timers:512:7) | {"error":{},"stack":"TypeError: this.collectSystemMetrics is not a function\n    at Timeout._onTimeout (file:///home/runner/workspace/src/backend/monitoring-dashboard.js:39:18)\n    at listOnTimeout (node:internal/timers:569:17)\n    at process.processTimers (node:internal/timers:512:7)","rejection":true,"date":"Tue Sep 09 2025 11:56:03 GMT+0000 (Coordinated Universal Time)","process":{"pid":7366,"uid":1000,"gid":1000,"cwd":"/home/runner/workspace","execPath":"/nix/store/ys5qb8fr8gq3ifk2knndn5lgm5lvhabb-nodejs-18.20.8/bin/node","version":"v18.20.8","argv":["/nix/store/ys5qb8fr8gq3ifk2knndn5lgm5lvhabb-nodejs-18.20.8/bin/node","/home/runner/workspace/server.js"],"memoryUsage":{"rss":115843072,"heapTotal":31256576,"heapUsed":25531872,"external":3761193,"arrayBuffers":577678}},"os":{"loadavg":[7.32,8.98,10.36],"uptime":86045.25},"trace":[{"column":18,"file":"file:///home/runner/workspace/src/backend/monitoring-dashboard.js","function":"Timeout._onTimeout","line":39,"method":"_onTimeout","native":false},{"column":17,"file":"node:internal/timers","function":"listOnTimeout","line":569,"method":null,"native":false},{"column":7,"file":"node:internal/timers","function":"process.processTimers","line":512,"method":"processTimers","native":false}]}
2025-09-09 11:56:33.464 +00:00 [ERROR]: unhandledRejection: this.collectSystemMetrics is not a function
TypeError: this.collectSystemMetrics is not a function
    at Timeout._onTimeout (file:///home/runner/workspace/src/backend/monitoring-dashboard.js:39:18)
    at listOnTimeout (node:internal/timers:569:17)
    at process.processTimers (node:internal/timers:512:7) | {"error":{},"stack":"TypeError: this.collectSystemMetrics is not a function\n    at Timeout._onTimeout (file:///home/runner/workspace/src/backend/monitoring-dashboard.js:39:18)\n    at listOnTimeout (node:internal/timers:569:17)\n    at process.processTimers (node:internal/timers:512:7)","rejection":true,"date":"Tue Sep 09 2025 11:56:33 GMT+0000 (Coordinated Universal Time)","process":{"pid":7366,"uid":1000,"gid":1000,"cwd":"/home/runner/workspace","execPath":"/nix/store/ys5qb8fr8gq3ifk2knndn5lgm5lvhabb-nodejs-18.20.8/bin/node","version":"v18.20.8","argv":["/nix/store/ys5qb8fr8gq3ifk2knndn5lgm5lvhabb-nodejs-18.20.8/bin/node","/home/runner/workspace/server.js"],"memoryUsage":{"rss":116543488,"heapTotal":31518720,"heapUsed":25096712,"external":3461618,"arrayBuffers":126271}},"os":{"loadavg":[13.66,10.29,10.75],"uptime":86075.25},"trace":[{"column":18,"file":"file:///home/runner/workspace/src/backend/monitoring-dashboard.js","function":"Timeout._onTimeout","line":39,"method":"_onTimeout","native":false},{"column":17,"file":"node:internal/timers","function":"listOnTimeout","line":569,"method":null,"native":false},{"column":7,"file":"node:internal/timers","function":"process.processTimers","line":512,"method":"processTimers","native":false}]}
2025-09-09 11:56:40.394 +00:00 [INFO]: 🚀 Blaze Intelligence starting up | {"nodeEnv":"development","nodeVersion":"v18.20.8","port":5000,"pid":8135}
2025-09-09 12:28:22.840 +00:00 [INFO]: 🚀 Blaze Intelligence starting up | {"nodeEnv":"development","nodeVersion":"v18.20.8","port":5000,"pid":10115}
2025-09-09 12:35:53.167 +00:00 [INFO]: 🚀 Blaze Intelligence starting up | {"nodeEnv":"development","nodeVersion":"v18.20.8","port":5000,"pid":11366}
2025-09-09 12:53:26.445 +00:00 [INFO]: 🚀 Blaze Intelligence starting up | {"nodeEnv":"development","nodeVersion":"v18.20.8","port":5000,"pid":13456}
2025-09-09 13:02:41.995 +00:00 [INFO]: 🚀 Blaze Intelligence starting up | {"nodeEnv":"development","nodeVersion":"v18.20.8","port":5000,"pid":14648}
2025-09-09 13:12:41.373 +00:00 [INFO]: 🚀 Blaze Intelligence starting up | {"nodeEnv":"development","nodeVersion":"v18.20.8","port":5000,"pid":15608}
2025-09-09 13:34:05.365 +00:00 [INFO]: 🚀 Blaze Intelligence starting up | {"nodeEnv":"development","nodeVersion":"v18.20.8","port":5000,"pid":16802}
2025-09-09 13:46:51.560 +00:00 [INFO]: 🚀 Blaze Intelligence starting up | {"nodeEnv":"development","nodeVersion":"v18.20.8","port":5000,"pid":18207}
2025-09-09 13:54:03.510 +00:00 [INFO]: 🚀 Blaze Intelligence starting up | {"nodeEnv":"development","nodeVersion":"v18.20.8","port":5000,"pid":19451}
2025-09-09 13:56:11.949 +00:00 [INFO]: 🚀 Blaze Intelligence starting up | {"nodeEnv":"development","nodeVersion":"v18.20.8","port":5000,"pid":20081}
2025-09-09 14:03:00.909 +00:00 [INFO]: 🚀 Blaze Intelligence starting up | {"nodeEnv":"development","nodeVersion":"v18.20.8","port":5000,"pid":21342}
2025-09-09 14:09:34.869 +00:00 [INFO]: 🚀 Blaze Intelligence starting up | {"nodeEnv":"development","nodeVersion":"v18.20.8","port":5000,"pid":22185}
2025-09-09 14:21:50.575 +00:00 [INFO]: 🚀 Blaze Intelligence starting up | {"nodeEnv":"development","nodeVersion":"v18.20.8","port":5000,"pid":23409}
2025-09-09 15:05:19.369 +00:00 [INFO]: 🚀 Blaze Intelligence starting up | {"nodeEnv":"development","nodeVersion":"v18.20.8","port":5000,"pid":25499}
2025-09-09 16:04:30.989 +00:00 [INFO]: 🚀 Blaze Intelligence starting up | {"nodeEnv":"development","nodeVersion":"v18.20.8","port":5000,"pid":27601}
2025-09-09 16:27:22.530 +00:00 [INFO]: 🚀 Blaze Intelligence starting up | {"nodeEnv":"development","nodeVersion":"v18.20.8","port":5000,"pid":29435}
2025-09-09 16:37:36.225 +00:00 [INFO]: 🚀 Blaze Intelligence starting up | {"nodeEnv":"development","nodeVersion":"v18.20.8","port":5000,"pid":30129}
2025-09-09 16:52:27.468 +00:00 [INFO]: 🚀 Blaze Intelligence starting up | {"nodeEnv":"development","nodeVersion":"v18.20.8","port":5000,"pid":31842}
2025-09-09 16:52:57.736 +00:00 [INFO]: 🚀 Blaze Intelligence starting up | {"nodeEnv":"development","nodeVersion":"v18.20.8","port":5000,"pid":31889}
2025-09-09 16:54:06.369 +00:00 [INFO]: 🚀 Blaze Intelligence starting up | {"nodeEnv":"development","nodeVersion":"v18.20.8","port":5000,"pid":31958}
2025-09-09 16:54:29.671 +00:00 [INFO]: 🚀 Blaze Intelligence starting up | {"nodeEnv":"development","nodeVersion":"v18.20.8","port":5000,"pid":32048}
2025-09-09 16:55:00.082 +00:00 [INFO]: 🚀 Blaze Intelligence starting up | {"nodeEnv":"development","nodeVersion":"v18.20.8","port":5000,"pid":32080}
2025-09-09 16:56:47.790 +00:00 [INFO]: 🚀 Blaze Intelligence starting up | {"nodeEnv":"development","nodeVersion":"v18.20.8","port":5000,"pid":32413}
2025-09-09 17:10:08.363 +00:00 [INFO]: 🚀 Blaze Intelligence starting up | {"nodeEnv":"development","nodeVersion":"v18.20.8","port":5000,"pid":1512}
2025-09-09 17:31:03.307 +00:00 [INFO]: 🚀 Blaze Intelligence starting up | {"nodeEnv":"development","nodeVersion":"v18.20.8","port":5000,"pid":2874}
2025-09-09 17:36:34.829 +00:00 [INFO]: 🚀 Blaze Intelligence starting up | {"nodeEnv":"development","nodeVersion":"v18.20.8","port":5000,"pid":3638}
2025-09-09 17:45:56.191 +00:00 [INFO]: 🚀 Blaze Intelligence starting up | {"nodeEnv":"development","nodeVersion":"v18.20.8","port":5000,"pid":4641}
2025-09-09 17:54:26.404 +00:00 [WARN]: 🏥 Health Check | {"component":"monitoring","status":"alert","metrics":{"alert":{"id":"cpu_high_1757440466399","type":"cpu_high","message":"CPU usage is 108.14%","severity":"warning","timestamp":"2025-09-09T17:54:26.399Z","active":true}}}
2025-09-09 17:58:52.320 +00:00 [INFO]: 🚀 Blaze Intelligence starting up | {"nodeEnv":"development","nodeVersion":"v18.20.8","port":5000,"pid":5349}
2025-09-09 18:12:46.098 +00:00 [INFO]: 🚀 Blaze Intelligence starting up | {"nodeEnv":"development","nodeVersion":"v18.20.8","port":5000,"pid":5954}
2025-09-09 19:11:30.072 +00:00 [INFO]: 🚀 Blaze Intelligence starting up | {"nodeEnv":"development","nodeVersion":"v18.20.8","port":5000,"pid":9603}
2025-09-09 20:32:19.875 +00:00 [INFO]: 🚀 Blaze Intelligence starting up | {"nodeVersion":"v18.20.8","port":5000,"pid":4611}
2025-09-09 20:41:13.705 +00:00 [INFO]: 🚀 Blaze Intelligence starting up | {"nodeVersion":"v18.20.8","port":5000,"pid":6090}
2025-09-09 20:58:13.927 +00:00 [WARN]: 🏥 Health Check | {"component":"monitoring","status":"alert","metrics":{"alert":{"id":"disk_high_1757451493921","type":"disk_high","message":"Disk usage is 91%","severity":"critical","timestamp":"2025-09-09T20:58:13.921Z","active":true}}}
2025-09-09 21:00:58.465 +00:00 [WARN]: 🏥 Health Check | {"component":"monitoring","status":"alert","metrics":{"alert":{"id":"disk_high_1757451658459","type":"disk_high","message":"Disk usage is 91%","severity":"critical","timestamp":"2025-09-09T21:00:58.460Z","active":true}}}
2025-09-09 21:01:52.633 +00:00 [INFO]: 🚀 Blaze Intelligence starting up | {"nodeVersion":"v18.20.8","port":5000,"pid":9086}
2025-09-09 21:02:22.813 +00:00 [WARN]: 🏥 Health Check | {"component":"monitoring","status":"alert","metrics":{"alert":{"id":"disk_high_1757451742811","type":"disk_high","message":"Disk usage is 91%","severity":"critical","timestamp":"2025-09-09T21:02:22.811Z","active":true}}}
2025-09-09 21:02:52.794 +00:00 [WARN]: 🏥 Health Check | {"component":"monitoring","status":"alert","metrics":{"alert":{"id":"disk_high_1757451772793","type":"disk_high","message":"Disk usage is 91%","severity":"critical","timestamp":"2025-09-09T21:02:52.793Z","active":true}}}
2025-09-09 21:03:22.803 +00:00 [WARN]: 🏥 Health Check | {"component":"monitoring","status":"alert","metrics":{"alert":{"id":"disk_high_1757451802802","type":"disk_high","message":"Disk usage is 91%","severity":"critical","timestamp":"2025-09-09T21:03:22.802Z","active":true}}}
2025-09-09 21:03:52.808 +00:00 [WARN]: 🏥 Health Check | {"component":"monitoring","status":"alert","metrics":{"alert":{"id":"disk_high_1757451832807","type":"disk_high","message":"Disk usage is 91%","severity":"critical","timestamp":"2025-09-09T21:03:52.807Z","active":true}}}
2025-09-09 21:04:22.798 +00:00 [WARN]: 🏥 Health Check | {"component":"monitoring","status":"alert","metrics":{"alert":{"id":"disk_high_1757451862797","type":"disk_high","message":"Disk usage is 91%","severity":"critical","timestamp":"2025-09-09T21:04:22.797Z","active":true}}}
2025-09-09 21:04:52.792 +00:00 [WARN]: 🏥 Health Check | {"component":"monitoring","status":"alert","metrics":{"alert":{"id":"disk_high_1757451892791","type":"disk_high","message":"Disk usage is 91%","severity":"critical","timestamp":"2025-09-09T21:04:52.791Z","active":true}}}
2025-09-09 21:05:22.809 +00:00 [WARN]: 🏥 Health Check | {"component":"monitoring","status":"alert","metrics":{"alert":{"id":"disk_high_1757451922808","type":"disk_high","message":"Disk usage is 91%","severity":"critical","timestamp":"2025-09-09T21:05:22.808Z","active":true}}}
2025-09-09 21:05:52.805 +00:00 [WARN]: 🏥 Health Check | {"component":"monitoring","status":"alert","metrics":{"alert":{"id":"disk_high_1757451952805","type":"disk_high","message":"Disk usage is 91%","severity":"critical","timestamp":"2025-09-09T21:05:52.805Z","active":true}}}
2025-09-09 21:06:22.798 +00:00 [WARN]: 🏥 Health Check | {"component":"monitoring","status":"alert","metrics":{"alert":{"id":"disk_high_1757451982797","type":"disk_high","message":"Disk usage is 91%","severity":"critical","timestamp":"2025-09-09T21:06:22.797Z","active":true}}}
2025-09-09 21:06:52.798 +00:00 [WARN]: 🏥 Health Check | {"component":"monitoring","status":"alert","metrics":{"alert":{"id":"disk_high_1757452012798","type":"disk_high","message":"Disk usage is 91%","severity":"critical","timestamp":"2025-09-09T21:06:52.798Z","active":true}}}
2025-09-09 21:07:22.795 +00:00 [WARN]: 🏥 Health Check | {"component":"monitoring","status":"alert","metrics":{"alert":{"id":"disk_high_1757452042795","type":"disk_high","message":"Disk usage is 91%","severity":"critical","timestamp":"2025-09-09T21:07:22.795Z","active":true}}}
2025-09-09 21:07:52.796 +00:00 [WARN]: 🏥 Health Check | {"component":"monitoring","status":"alert","metrics":{"alert":{"id":"disk_high_1757452072795","type":"disk_high","message":"Disk usage is 91%","severity":"critical","timestamp":"2025-09-09T21:07:52.795Z","active":true}}}
2025-09-09 21:08:22.813 +00:00 [WARN]: 🏥 Health Check | {"component":"monitoring","status":"alert","metrics":{"alert":{"id":"disk_high_1757452102812","type":"disk_high","message":"Disk usage is 91%","severity":"critical","timestamp":"2025-09-09T21:08:22.812Z","active":true}}}
2025-09-09 21:08:52.797 +00:00 [WARN]: 🏥 Health Check | {"component":"monitoring","status":"alert","metrics":{"alert":{"id":"disk_high_1757452132796","type":"disk_high","message":"Disk usage is 91%","severity":"critical","timestamp":"2025-09-09T21:08:52.796Z","active":true}}}
2025-09-09 21:09:22.825 +00:00 [WARN]: 🏥 Health Check | {"component":"monitoring","status":"alert","metrics":{"alert":{"id":"disk_high_1757452162819","type":"disk_high","message":"Disk usage is 91%","severity":"critical","timestamp":"2025-09-09T21:09:22.819Z","active":true}}}
2025-09-09 21:09:52.800 +00:00 [WARN]: 🏥 Health Check | {"component":"monitoring","status":"alert","metrics":{"alert":{"id":"disk_high_1757452192799","type":"disk_high","message":"Disk usage is 91%","severity":"critical","timestamp":"2025-09-09T21:09:52.799Z","active":true}}}
2025-09-09 21:10:22.801 +00:00 [WARN]: 🏥 Health Check | {"component":"monitoring","status":"alert","metrics":{"alert":{"id":"disk_high_1757452222799","type":"disk_high","message":"Disk usage is 91%","severity":"critical","timestamp":"2025-09-09T21:10:22.799Z","active":true}}}
2025-09-09 21:10:52.804 +00:00 [WARN]: 🏥 Health Check | {"component":"monitoring","status":"alert","metrics":{"alert":{"id":"disk_high_1757452252803","type":"disk_high","message":"Disk usage is 91%","severity":"critical","timestamp":"2025-09-09T21:10:52.803Z","active":true}}}
2025-09-09 21:11:22.809 +00:00 [WARN]: 🏥 Health Check | {"component":"monitoring","status":"alert","metrics":{"alert":{"id":"disk_high_1757452282805","type":"disk_high","message":"Disk usage is 91%","severity":"critical","timestamp":"2025-09-09T21:11:22.805Z","active":true}}}
2025-09-09 21:11:52.821 +00:00 [WARN]: 🏥 Health Check | {"component":"monitoring","status":"alert","metrics":{"alert":{"id":"disk_high_1757452312820","type":"disk_high","message":"Disk usage is 91%","severity":"critical","timestamp":"2025-09-09T21:11:52.820Z","active":true}}}
2025-09-09 21:12:22.794 +00:00 [WARN]: 🏥 Health Check | {"component":"monitoring","status":"alert","metrics":{"alert":{"id":"disk_high_1757452342794","type":"disk_high","message":"Disk usage is 91%","severity":"critical","timestamp":"2025-09-09T21:12:22.794Z","active":true}}}
2025-09-09 21:12:52.804 +00:00 [WARN]: 🏥 Health Check | {"component":"monitoring","status":"alert","metrics":{"alert":{"id":"disk_high_1757452372804","type":"disk_high","message":"Disk usage is 91%","severity":"critical","timestamp":"2025-09-09T21:12:52.804Z","active":true}}}
2025-09-09 21:13:22.794 +00:00 [WARN]: 🏥 Health Check | {"component":"monitoring","status":"alert","metrics":{"alert":{"id":"disk_high_1757452402793","type":"disk_high","message":"Disk usage is 91%","severity":"critical","timestamp":"2025-09-09T21:13:22.793Z","active":true}}}
2025-09-09 21:13:52.809 +00:00 [WARN]: 🏥 Health Check | {"component":"monitoring","status":"alert","metrics":{"alert":{"id":"disk_high_1757452432808","type":"disk_high","message":"Disk usage is 91%","severity":"critical","timestamp":"2025-09-09T21:13:52.808Z","active":true}}}
